Arguments: 
  /usr/bin/node /usr/local/bin/yarn

PATH: 
  /home/eerik/.local/bin:/usr/local/sbin:/usr/local/bin:/usr/sbin:/usr/bin:/sbin:/bin:/usr/games:/usr/local/games:/snap/bin:/home/eerik/Android/Sdk/tools:/home/eerik/Android/Sdk/emulator:/home/eerik/Android/Sdk/tools/bin:/home/eerik/Android/Sdk/platform-tools:/usr/lib/jvm/java-11-openjdk-amd64/java

Yarn version: 
  1.22.10

Node version: 
  10.19.0

Platform: 
  linux x64

Trace: 
  TypeError [ERR_INVALID_ARG_TYPE]: The "path" argument must be of type string. Received type object
      at validateString (internal/validators.js:125:11)
      at Object.isAbsolute (path.js:1136:5)
      at module.exports.exports.default (/usr/local/lib/node_modules/yarn/lib/cli.js:100584:16)
      at /usr/local/lib/node_modules/yarn/lib/cli.js:51525:63
      at Generator.next (<anonymous>)
      at step (/usr/local/lib/node_modules/yarn/lib/cli.js:310:30)
      at /usr/local/lib/node_modules/yarn/lib/cli.js:321:13

npm manifest: 
  {
    "main": "./apollo/wrapper.tsx",
    "scripts": {
      "start": "expo start --android",
      "android": "expo start --android --localhost",
      "ios": "expo start --ios",
      "web": "expo start --web",
      "eject": "expo eject"
    },
    "dependencies": {
      "@apollo/client": "^3.3.6",
      "@expo/vector-icons": "^10.0.0",
      "@react-native-async-storage/async-storage": "^1.13.2",
      "@react-native-picker/picker": "^1.9.4",
      "@react-navigation/bottom-tabs": "^5.11.1",
      "@react-navigation/material-top-tabs": "^5.3.10",
      "@react-navigation/native": "^5.8.9",
      "apollo3-cache-persist": "^0.9.1",
      "expo": "~39.0.2",
      "expo-google-sign-in": "~8.3.0",
      "expo-progress": "0.0.2",
      "expo-status-bar": "~1.0.2",
      "graphql": "^15.4.0",
      "react": "16.13.1",
      "react-dom": "16.13.1",
      "react-native": "https://github.com/expo/react-native/archive/sdk-39.0.3.tar.gz",
      "react-native-elements": {
        "version": "^3.0.0-alpha.1"
      },
      "react-native-gifted-chat": "^0.16.3",
      "react-native-redash": "^16.0.2",
      "react-native-shadow-generator": "^1.1.2",
      "react-native-status-bar-height": "^2.6.0",
      "react-native-svg": "12.1.0",
      "react-native-tab-view": "^2.15.2",
      "react-timeago": "^5.2.0",
      "rn-sprite-sheet": "^1.1.12",
      "subscriptions-transport-ws": "^0.9.18",
      "react-native-gesture-handler": "~1.7.0",
      "react-native-reanimated": "~1.13.0",
      "react-native-screens": "~2.10.1",
      "react-native-safe-area-context": "3.1.4",
      "@react-native-community/masked-view": "0.1.10"
    },
    "devDependencies": {
      "@babel/preset-typescript": "^7.12.7",
      "@types/react": "~16.9.35",
      "@types/react-dom": "~16.9.8",
      "@types/react-native": "~0.63.2",
      "@types/react-timeago": "^4.1.1",
      "react-test-renderer": "^17.0.1",
      "typescript": "~3.9.5"
    },
    "resolutions":{
      "react-native-safe-area-context": "3.1.4"
    },
    "private": true
  }

yarn manifest: 
  No manifest

Lockfile: 
  No lockfile
